<?xml version="1.0" encoding="UTF-8"?>
<!-- Generated by org.testng.reporters.JUnitXMLReporter -->
<testsuite ignored="6" hostname="BHANU-LAPTOP" failures="0" tests="3" name="Test" time="0.186" errors="0" timestamp="2024-01-05T09:02:45 IST">
  <testcase classname="day24.Demo7" name="createCustomer" time="0.015"/>
  <testcase classname="day24.Demo7" name="createProduct" time="0.003"/>
  <testcase classname="day24.Demo7" name="createUser" time="0.007"/>
  <testcase classname="day24.Demo7" name="editUser" time="0.0">
    <ignored/>
  </testcase> <!-- editUser -->
  <testcase classname="day24.Demo7" name="editProduct" time="0.0">
    <ignored/>
  </testcase> <!-- editProduct -->
  <testcase classname="day24.Demo7" name="editCustomer" time="0.0">
    <ignored/>
  </testcase> <!-- editCustomer -->
  <testcase classname="day24.Demo7" name="deleteUser" time="0.0">
    <ignored/>
  </testcase> <!-- deleteUser -->
  <testcase classname="day24.Demo7" name="deleteCustomer" time="0.0">
    <ignored/>
  </testcase> <!-- deleteCustomer -->
  <testcase classname="day24.Demo7" name="deleteProduct" time="0.0">
    <ignored/>
  </testcase> <!-- deleteProduct -->
</testsuite> <!-- Test -->
