<?xml version="1.0" encoding="UTF-8"?>
<!-- Generated by org.testng.reporters.JUnitXMLReporter -->
<testsuite ignored="4" hostname="BHANU-LAPTOP" failures="0" tests="3" name="TestY" time="0.077" errors="0" timestamp="2024-01-03T08:20:08 IST">
  <testcase classname="day22.Demo6" name="test6" time="0.012"/>
  <testcase classname="day22.Demo7" name="test7A" time="0.002"/>
  <testcase classname="day22.Demo7" name="test7B" time="0.008"/>
  <testcase classname="day22.SuperClass" name="@BeforeSuite beforeSuite" time="0.0">
    <ignored/>
  </testcase> <!-- @BeforeSuite beforeSuite -->
  <testcase classname="day22.SuperClass" name="@AfterSuite afterSuite" time="0.0">
    <ignored/>
  </testcase> <!-- @AfterSuite afterSuite -->
  <testcase classname="day22.SuperClass" name="@AfterTest afterTest" time="0.0">
    <ignored/>
  </testcase> <!-- @AfterTest afterTest -->
  <testcase classname="day22.SuperClass" name="@BeforeTest beforeTest" time="0.0">
    <ignored/>
  </testcase> <!-- @BeforeTest beforeTest -->
</testsuite> <!-- TestY -->
