<?xml version="1.0" encoding="UTF-8"?>
<!-- Generated by org.testng.reporters.JUnitXMLReporter -->
<testsuite ignored="0" hostname="BHANU-LAPTOP" failures="1" tests="1" name="TestFirefox" time="6.337" errors="0" timestamp="2024-01-04T09:00:03 IST">
  <testcase classname="day23.Demo3" name="test9" time="6.321">
    <failure type="org.openqa.selenium.SessionNotCreatedException" message="Could not start a new session. Response code 500. Message: Job not started. Your organization has reached its concurrent session limit.
Contact your administrator or sales@saucelabs.com to upgrade. 
Host info: host: &amp;apos;BHANU-LAPTOP&amp;apos;, ip: &amp;apos;192.168.29.187&amp;apos;
Build info: version: &amp;apos;4.15.0&amp;apos;, revision: &amp;apos;1d14b5521b&amp;apos;
System info: os.name: &amp;apos;Windows 10&amp;apos;, os.arch: &amp;apos;amd64&amp;apos;, os.version: &amp;apos;10.0&amp;apos;, java.version: &amp;apos;16.0.1&amp;apos;
Driver info: org.openqa.selenium.remote.RemoteWebDriver
Command: [null, newSession {capabilities=[Capabilities {acceptInsecureCerts: true, browserName: firefox, browserVersion: latest, moz:debuggerAddress: true, moz:firefoxOptions: {}, platformName: linux, sauce:options: {name: Test1Firefox}}]}]
Capabilities {acceptInsecureCerts: true, browserName: firefox, browserVersion: latest, moz:debuggerAddress: true, moz:firefoxOptions: {}, platformName: linux, sauce:options: {name: Test1Firefox}}">
      <![CDATA[org.openqa.selenium.SessionNotCreatedException: Could not start a new session. Response code 500. Message: Job not started. Your organization has reached its concurrent session limit.
Contact your administrator or sales@saucelabs.com to upgrade. 
Host info: host: 'BHANU-LAPTOP', ip: '192.168.29.187'
Build info: version: '4.15.0', revision: '1d14b5521b'
System info: os.name: 'Windows 10', os.arch: 'amd64', os.version: '10.0', java.version: '16.0.1'
Driver info: org.openqa.selenium.remote.RemoteWebDriver
Command: [null, newSession {capabilities=[Capabilities {acceptInsecureCerts: true, browserName: firefox, browserVersion: latest, moz:debuggerAddress: true, moz:firefoxOptions: {}, platformName: linux, sauce:options: {name: Test1Firefox}}]}]
Capabilities {acceptInsecureCerts: true, browserName: firefox, browserVersion: latest, moz:debuggerAddress: true, moz:firefoxOptions: {}, platformName: linux, sauce:options: {name: Test1Firefox}}
at org.openqa.selenium.remote.ProtocolHandshake.createSession(ProtocolHandshake.java:140)
at org.openqa.selenium.remote.ProtocolHandshake.createSession(ProtocolHandshake.java:96)
at org.openqa.selenium.remote.ProtocolHandshake.createSession(ProtocolHandshake.java:68)
at org.openqa.selenium.remote.HttpCommandExecutor.execute(HttpCommandExecutor.java:163)
at org.openqa.selenium.remote.TracedCommandExecutor.execute(TracedCommandExecutor.java:51)
at org.openqa.selenium.remote.RemoteWebDriver.execute(RemoteWebDriver.java:607)
at org.openqa.selenium.remote.RemoteWebDriver.startSession(RemoteWebDriver.java:241)
at org.openqa.selenium.remote.RemoteWebDriver.<init>(RemoteWebDriver.java:168)
at org.openqa.selenium.remote.RemoteWebDriver.<init>(RemoteWebDriver.java:148)
at day23.Demo3.test9(Demo3.java:45)
at java.base/java.util.ArrayList.forEach(ArrayList.java:1511)
... Removed 27 stack frames]]>
    </failure>
  </testcase> <!-- test9 -->
</testsuite> <!-- TestFirefox -->
