<?xml version="1.0" encoding="UTF-8"?>
<testng-results ignored="0" total="1" passed="1" failed="0" skipped="0">
  <reporter-output>
    <line>
      <![CDATA[Google]]>
    </line>
  </reporter-output>
  <suite started-at="2024-01-04T09:15:08 IST" name="Default suite" finished-at="2024-01-04T09:15:19 IST" duration-ms="10817">
    <groups>
    </groups>
    <test started-at="2024-01-04T09:15:08 IST" name="Default test" finished-at="2024-01-04T09:15:19 IST" duration-ms="10817">
      <class name="day23.Demo4">
        <test-method signature="test()[pri:0, instance:day23.Demo4@750e2b97]" started-at="2024-01-04T09:15:08 IST" name="test" finished-at="2024-01-04T09:15:19 IST" duration-ms="10667" status="PASS">
          <reporter-output>
            <line>
              <![CDATA[Google]]>
            </line>
          </reporter-output>
        </test-method> <!-- test -->
      </class> <!-- day23.Demo4 -->
    </test> <!-- Default test -->
  </suite> <!-- Default suite -->
</testng-results>
