<?xml version="1.0" encoding="UTF-8"?>
<testng-results ignored="0" total="3" passed="3" failed="0" skipped="0">
  <reporter-output>
    <line>
      <![CDATA[Create User:UserA]]>
    </line>
    <line>
      <![CDATA[Create User:1234]]>
    </line>
    <line>
      <![CDATA[Create User:true]]>
    </line>
  </reporter-output>
  <suite started-at="2024-01-02T09:02:24 IST" name="Default suite" finished-at="2024-01-02T09:02:25 IST" duration-ms="176">
    <groups>
    </groups>
    <test started-at="2024-01-02T09:02:24 IST" name="Default test" finished-at="2024-01-02T09:02:25 IST" duration-ms="176">
      <class name="day21.Demo10">
        <test-method signature="createUser(java.lang.Object)[pri:0, instance:day21.Demo10@6892b3b6]" started-at="2024-01-02T09:02:25 IST" name="createUser" data-provider="getData" finished-at="2024-01-02T09:02:25 IST" duration-ms="19" status="PASS">
          <params>
            <param index="0">
              <value>
                <![CDATA[UserA]]>
              </value>
            </param>
          </params>
          <reporter-output>
            <line>
              <![CDATA[Create User:UserA]]>
            </line>
          </reporter-output>
        </test-method> <!-- createUser -->
        <test-method signature="createUser(java.lang.Object)[pri:0, instance:day21.Demo10@6892b3b6]" started-at="2024-01-02T09:02:25 IST" name="createUser" data-provider="getData" finished-at="2024-01-02T09:02:25 IST" duration-ms="3" status="PASS">
          <params>
            <param index="0">
              <value>
                <![CDATA[1234]]>
              </value>
            </param>
          </params>
          <reporter-output>
            <line>
              <![CDATA[Create User:1234]]>
            </line>
          </reporter-output>
        </test-method> <!-- createUser -->
        <test-method signature="createUser(java.lang.Object)[pri:0, instance:day21.Demo10@6892b3b6]" started-at="2024-01-02T09:02:25 IST" name="createUser" data-provider="getData" finished-at="2024-01-02T09:02:25 IST" duration-ms="2" status="PASS">
          <params>
            <param index="0">
              <value>
                <![CDATA[true]]>
              </value>
            </param>
          </params>
          <reporter-output>
            <line>
              <![CDATA[Create User:true]]>
            </line>
          </reporter-output>
        </test-method> <!-- createUser -->
      </class> <!-- day21.Demo10 -->
    </test> <!-- Default test -->
  </suite> <!-- Default suite -->
</testng-results>
